# JRE version: Java(TM) SE Runtime Environment (8.0_251-b08) (build 1.8.0_251-b08)
# Java VM: Java HotSpot(TM) 64-Bit Server VM (25.251-b08 mixed mode windows-amd64 compressed oops)
Heap:
 PSYoungGen      total 96768K, used 94069K [0x00000000eb200000, 0x00000000f3b80000, 0x0000000100000000)
  eden space 87040K, 96% used [0x00000000eb200000,0x00000000f045f900,0x00000000f0700000)
  from space 9728K, 99% used [0x00000000f0700000,0x00000000f107dd30,0x00000000f1080000)
  to   space 12288K, 0% used [0x00000000f2f80000,0x00000000f2f80000,0x00000000f3b80000)
 ParOldGen       total 47104K, used 16349K [0x00000000c1600000, 0x00000000c4400000, 0x00000000eb200000)
  object space 47104K, 34% used [0x00000000c1600000,0x00000000c25f74b0,0x00000000c4400000)
 Metaspace       used 50729K, capacity 53216K, committed 53504K, reserved 1095680K
  class space    used 6894K, capacity 7347K, committed 7424K, reserved 1048576K
GC Heap History (10 events):
Event: 3.254 GC heap before
{Heap before GC invocations=9 (full 1):
 PSYoungGen      total 72192K, used 65024K [0x00000000eb200000, 0x00000000f0000000, 0x0000000100000000)
  eden space 65024K, 100% used [0x00000000eb200000,0x00000000ef180000,0x00000000ef180000)
  from space 7168K, 0% used [0x00000000ef180000,0x00000000ef180000,0x00000000ef880000)
  to   space 6656K, 0% used [0x00000000ef880000,0x00000000ef880000,0x00000000eff00000)
 ParOldGen       total 29696K, used 5021K [0x00000000c1600000, 0x00000000c3300000, 0x00000000eb200000)
  object space 29696K, 16% used [0x00000000c1600000,0x00000000c1ae7740,0x00000000c3300000)
 Metaspace       used 23504K, capacity 24566K, committed 24704K, reserved 1071104K
  class space    used 2952K, capacity 3171K, committed 3200K, reserved 1048576K
Event: 3.261 GC heap after
Heap after GC invocations=9 (full 1):
 PSYoungGen      total 70656K, used 6636K [0x00000000eb200000, 0x00000000f2d80000, 0x0000000100000000)
  eden space 64000K, 0% used [0x00000000eb200000,0x00000000eb200000,0x00000000ef080000)
  from space 6656K, 99% used [0x00000000ef880000,0x00000000efefb1f0,0x00000000eff00000)
  to   space 8192K, 0% used [0x00000000ef080000,0x00000000ef080000,0x00000000ef880000)
 ParOldGen       total 29696K, used 5170K [0x00000000c1600000, 0x00000000c3300000, 0x00000000eb200000)
  object space 29696K, 17% used [0x00000000c1600000,0x00000000c1b0c910,0x00000000c3300000)
 Metaspace       used 23504K, capacity 24566K, committed 24704K, reserved 1071104K
  class space    used 2952K, capacity 3171K, committed 3200K, reserved 1048576K
}
Event: 5.068 GC heap before
{Heap before GC invocations=10 (full 1):
 PSYoungGen      total 70656K, used 70633K [0x00000000eb200000, 0x00000000f2d80000, 0x0000000100000000)
  eden space 64000K, 99% used [0x00000000eb200000,0x00000000ef07f2b8,0x00000000ef080000)
  from space 6656K, 99% used [0x00000000ef880000,0x00000000efefb1f0,0x00000000eff00000)
  to   space 8192K, 0% used [0x00000000ef080000,0x00000000ef080000,0x00000000ef880000)
 ParOldGen       total 29696K, used 5170K [0x00000000c1600000, 0x00000000c3300000, 0x00000000eb200000)
  object space 29696K, 17% used [0x00000000c1600000,0x00000000c1b0c910,0x00000000c3300000)
 Metaspace       used 28270K, capacity 29940K, committed 30080K, reserved 1075200K
  class space    used 3613K, capacity 3954K, committed 3968K, reserved 1048576K
Event: 5.077 GC heap after
Heap after GC invocations=10 (full 1):
 PSYoungGen      total 72192K, used 8178K [0x00000000eb200000, 0x00000000f1a80000, 0x0000000100000000)
  eden space 64000K, 0% used [0x00000000eb200000,0x00000000eb200000,0x00000000ef080000)
  from space 8192K, 99% used [0x00000000ef080000,0x00000000ef87c898,0x00000000ef880000)
  to   space 9216K, 0% used [0x00000000f1180000,0x00000000f1180000,0x00000000f1a80000)
 ParOldGen       total 29696K, used 5382K [0x00000000c1600000, 0x00000000c3300000, 0x00000000eb200000)
  object space 29696K, 18% used [0x00000000c1600000,0x00000000c1b41bf8,0x00000000c3300000)
 Metaspace       used 28270K, capacity 29940K, committed 30080K, reserved 1075200K
  class space    used 3613K, capacity 3954K, committed 3968K, reserved 1048576K
}
Event: 5.971 GC heap before
{Heap before GC invocations=11 (full 1):
 PSYoungGen      total 72192K, used 70558K [0x00000000eb200000, 0x00000000f1a80000, 0x0000000100000000)
  eden space 64000K, 97% used [0x00000000eb200000,0x00000000eeeeb2c0,0x00000000ef080000)
  from space 8192K, 99% used [0x00000000ef080000,0x00000000ef87c898,0x00000000ef880000)
  to   space 9216K, 0% used [0x00000000f1180000,0x00000000f1180000,0x00000000f1a80000)
 ParOldGen       total 29696K, used 5382K [0x00000000c1600000, 0x00000000c3300000, 0x00000000eb200000)
  object space 29696K, 18% used [0x00000000c1600000,0x00000000c1b41bf8,0x00000000c3300000)
 Metaspace       used 32324K, capacity 34160K, committed 34304K, reserved 1079296K
  class space    used 4131K, capacity 4524K, committed 4608K, reserved 1048576K
Event: 5.983 GC heap after
Heap after GC invocations=11 (full 1):
 PSYoungGen      total 95744K, used 7387K [0x00000000eb200000, 0x00000000f1a00000, 0x0000000100000000)
  eden space 87040K, 0% used [0x00000000eb200000,0x00000000eb200000,0x00000000f0700000)
  from space 8704K, 84% used [0x00000000f1180000,0x00000000f18b6ea8,0x00000000f1a00000)
  to   space 9728K, 0% used [0x00000000f0700000,0x00000000f0700000,0x00000000f1080000)
 ParOldGen       total 29696K, used 7837K [0x00000000c1600000, 0x00000000c3300000, 0x00000000eb200000)
  object space 29696K, 26% used [0x00000000c1600000,0x00000000c1da7408,0x00000000c3300000)
 Metaspace       used 32324K, capacity 34160K, committed 34304K, reserved 1079296K
  class space    used 4131K, capacity 4524K, committed 4608K, reserved 1048576K
}
Event: 5.983 GC heap before
{Heap before GC invocations=12 (full 2):
 PSYoungGen      total 95744K, used 7387K [0x00000000eb200000, 0x00000000f1a00000, 0x0000000100000000)
  eden space 87040K, 0% used [0x00000000eb200000,0x00000000eb200000,0x00000000f0700000)
  from space 8704K, 84% used [0x00000000f1180000,0x00000000f18b6ea8,0x00000000f1a00000)
  to   space 9728K, 0% used [0x00000000f0700000,0x00000000f0700000,0x00000000f1080000)
 ParOldGen       total 29696K, used 7837K [0x00000000c1600000, 0x00000000c3300000, 0x00000000eb200000)
  object space 29696K, 26% used [0x00000000c1600000,0x00000000c1da7408,0x00000000c3300000)
 Metaspace       used 32324K, capacity 34160K, committed 34304K, reserved 1079296K
  class space    used 4131K, capacity 4524K, committed 4608K, reserved 1048576K
Event: 6.047 GC heap after
Heap after GC invocations=12 (full 2):
 PSYoungGen      total 95744K, used 0K [0x00000000eb200000, 0x00000000f1a00000, 0x0000000100000000)
  eden space 87040K, 0% used [0x00000000eb200000,0x00000000eb200000,0x00000000f0700000)
  from space 8704K, 0% used [0x00000000f1180000,0x00000000f1180000,0x00000000f1a00000)
  to   space 9728K, 0% used [0x00000000f0700000,0x00000000f0700000,0x00000000f1080000)
 ParOldGen       total 47104K, used 13422K [0x00000000c1600000, 0x00000000c4400000, 0x00000000eb200000)
  object space 47104K, 28% used [0x00000000c1600000,0x00000000c231b9f0,0x00000000c4400000)
 Metaspace       used 32324K, capacity 34160K, committed 34304K, reserved 1079296K
  class space    used 4131K, capacity 4524K, committed 4608K, reserved 1048576K
}
Event: 8.775 GC heap before
{Heap before GC invocations=13 (full 2):
 PSYoungGen      total 95744K, used 87040K [0x00000000eb200000, 0x00000000f1a00000, 0x0000000100000000)
  eden space 87040K, 100% used [0x00000000eb200000,0x00000000f0700000,0x00000000f0700000)
  from space 8704K, 0% used [0x00000000f1180000,0x00000000f1180000,0x00000000f1a00000)
  to   space 9728K, 0% used [0x00000000f0700000,0x00000000f0700000,0x00000000f1080000)
 ParOldGen       total 47104K, used 13422K [0x00000000c1600000, 0x00000000c4400000, 0x00000000eb200000)
  object space 47104K, 28% used [0x00000000c1600000,0x00000000c231b9f0,0x00000000c4400000)
 Metaspace       used 42667K, capacity 44772K, committed 45056K, reserved 1089536K
  class space    used 5658K, capacity 6045K, committed 6144K, reserved 1048576K
Event: 8.790 GC heap after
Heap after GC invocations=13 (full 2):
 PSYoungGen      total 96768K, used 9719K [0x00000000eb200000, 0x00000000f3b80000, 0x0000000100000000)
  eden space 87040K, 0% used [0x00000000eb200000,0x00000000eb200000,0x00000000f0700000)
  from space 9728K, 99% used [0x00000000f0700000,0x00000000f107dd30,0x00000000f1080000)
  to   space 12288K, 0% used [0x00000000f2f80000,0x00000000f2f80000,0x00000000f3b80000)
 ParOldGen       total 47104K, used 16349K [0x00000000c1600000, 0x00000000c4400000, 0x00000000eb200000)
  object space 47104K, 34% used [0x00000000c1600000,0x00000000c25f74b0,0x00000000c4400000)
 Metaspace       used 42667K, capacity 44772K, committed 45056K, reserved 1089536K
  class space    used 5658K, capacity 6045K, committed 6144K, reserved 1048576K
}

