# JRE version: Java(TM) SE Runtime Environment (8.0_251-b08) (build 1.8.0_251-b08)
# Java VM: Java HotSpot(TM) 64-Bit Server VM (25.251-b08 mixed mode windows-amd64 compressed oops)
Heap:
 PSYoungGen      total 38400K, used 20038K [0x00000000eb200000, 0x00000000eeb00000, 0x0000000100000000)
  eden space 32768K, 51% used [0x00000000eb200000,0x00000000ec258d20,0x00000000ed200000)
  from space 5632K, 58% used [0x00000000ed200000,0x00000000ed538ba0,0x00000000ed780000)
  to   space 5632K, 0% used [0x00000000ee580000,0x00000000ee580000,0x00000000eeb00000)
 ParOldGen       total 30208K, used 6576K [0x00000000c1600000, 0x00000000c3380000, 0x00000000eb200000)
  object space 30208K, 21% used [0x00000000c1600000,0x00000000c1c6c2f8,0x00000000c3380000)
 Metaspace       used 23396K, capacity 24498K, committed 24704K, reserved 1071104K
  class space    used 2935K, capacity 3171K, committed 3200K, reserved 1048576K
GC Heap History (10 events):
Event: 4.087 GC heap before
{Heap before GC invocations=8 (full 0):
 PSYoungGen      total 22016K, used 19824K [0x00000000eb200000, 0x00000000edd00000, 0x0000000100000000)
  eden space 16384K, 99% used [0x00000000eb200000,0x00000000ec1fd050,0x00000000ec200000)
  from space 5632K, 61% used [0x00000000ec200000,0x00000000ec55f370,0x00000000ec780000)
  to   space 5632K, 0% used [0x00000000ed780000,0x00000000ed780000,0x00000000edd00000)
 ParOldGen       total 44032K, used 6848K [0x00000000c1600000, 0x00000000c4100000, 0x00000000eb200000)
  object space 44032K, 15% used [0x00000000c1600000,0x00000000c1cb0240,0x00000000c4100000)
 Metaspace       used 19260K, capacity 20034K, committed 20352K, reserved 1067008K
  class space    used 2404K, capacity 2589K, committed 2688K, reserved 1048576K
Event: 4.092 GC heap after
Heap after GC invocations=8 (full 0):
 PSYoungGen      total 38400K, used 2233K [0x00000000eb200000, 0x00000000edd00000, 0x0000000100000000)
  eden space 32768K, 0% used [0x00000000eb200000,0x00000000eb200000,0x00000000ed200000)
  from space 5632K, 39% used [0x00000000ed780000,0x00000000ed9ae5f0,0x00000000edd00000)
  to   space 5632K, 0% used [0x00000000ed200000,0x00000000ed200000,0x00000000ed780000)
 ParOldGen       total 44032K, used 7701K [0x00000000c1600000, 0x00000000c4100000, 0x00000000eb200000)
  object space 44032K, 17% used [0x00000000c1600000,0x00000000c1d855a0,0x00000000c4100000)
 Metaspace       used 19260K, capacity 20034K, committed 20352K, reserved 1067008K
  class space    used 2404K, capacity 2589K, committed 2688K, reserved 1048576K
}
Event: 4.253 GC heap before
{Heap before GC invocations=9 (full 0):
 PSYoungGen      total 38400K, used 35001K [0x00000000eb200000, 0x00000000edd00000, 0x0000000100000000)
  eden space 32768K, 100% used [0x00000000eb200000,0x00000000ed200000,0x00000000ed200000)
  from space 5632K, 39% used [0x00000000ed780000,0x00000000ed9ae5f0,0x00000000edd00000)
  to   space 5632K, 0% used [0x00000000ed200000,0x00000000ed200000,0x00000000ed780000)
 ParOldGen       total 44032K, used 7701K [0x00000000c1600000, 0x00000000c4100000, 0x00000000eb200000)
  object space 44032K, 17% used [0x00000000c1600000,0x00000000c1d855a0,0x00000000c4100000)
 Metaspace       used 19502K, capacity 20290K, committed 20608K, reserved 1067008K
  class space    used 2422K, capacity 2589K, committed 2688K, reserved 1048576K
Event: 4.255 GC heap after
Heap after GC invocations=9 (full 0):
 PSYoungGen      total 38400K, used 1226K [0x00000000eb200000, 0x00000000edd00000, 0x0000000100000000)
  eden space 32768K, 0% used [0x00000000eb200000,0x00000000eb200000,0x00000000ed200000)
  from space 5632K, 21% used [0x00000000ed200000,0x00000000ed332bf0,0x00000000ed780000)
  to   space 5632K, 0% used [0x00000000ed780000,0x00000000ed780000,0x00000000edd00000)
 ParOldGen       total 44032K, used 8319K [0x00000000c1600000, 0x00000000c4100000, 0x00000000eb200000)
  object space 44032K, 18% used [0x00000000c1600000,0x00000000c1e1fdd0,0x00000000c4100000)
 Metaspace       used 19502K, capacity 20290K, committed 20608K, reserved 1067008K
  class space    used 2422K, capacity 2589K, committed 2688K, reserved 1048576K
}
Event: 4.666 GC heap before
{Heap before GC invocations=10 (full 0):
 PSYoungGen      total 38400K, used 18256K [0x00000000eb200000, 0x00000000edd00000, 0x0000000100000000)
  eden space 32768K, 51% used [0x00000000eb200000,0x00000000ec2a1688,0x00000000ed200000)
  from space 5632K, 21% used [0x00000000ed200000,0x00000000ed332bf0,0x00000000ed780000)
  to   space 5632K, 0% used [0x00000000ed780000,0x00000000ed780000,0x00000000edd00000)
 ParOldGen       total 44032K, used 8319K [0x00000000c1600000, 0x00000000c4100000, 0x00000000eb200000)
  object space 44032K, 18% used [0x00000000c1600000,0x00000000c1e1fdd0,0x00000000c4100000)
 Metaspace       used 20310K, capacity 21178K, committed 21248K, reserved 1067008K
  class space    used 2521K, capacity 2749K, committed 2816K, reserved 1048576K
Event: 4.669 GC heap after
Heap after GC invocations=10 (full 0):
 PSYoungGen      total 38400K, used 2271K [0x00000000eb200000, 0x00000000edd00000, 0x0000000100000000)
  eden space 32768K, 0% used [0x00000000eb200000,0x00000000eb200000,0x00000000ed200000)
  from space 5632K, 40% used [0x00000000ed780000,0x00000000ed9b7f40,0x00000000edd00000)
  to   space 5632K, 0% used [0x00000000ed200000,0x00000000ed200000,0x00000000ed780000)
 ParOldGen       total 44032K, used 9119K [0x00000000c1600000, 0x00000000c4100000, 0x00000000eb200000)
  object space 44032K, 20% used [0x00000000c1600000,0x00000000c1ee7de0,0x00000000c4100000)
 Metaspace       used 20310K, capacity 21178K, committed 21248K, reserved 1067008K
  class space    used 2521K, capacity 2749K, committed 2816K, reserved 1048576K
}
Event: 4.669 GC heap before
{Heap before GC invocations=11 (full 1):
 PSYoungGen      total 38400K, used 2271K [0x00000000eb200000, 0x00000000edd00000, 0x0000000100000000)
  eden space 32768K, 0% used [0x00000000eb200000,0x00000000eb200000,0x00000000ed200000)
  from space 5632K, 40% used [0x00000000ed780000,0x00000000ed9b7f40,0x00000000edd00000)
  to   space 5632K, 0% used [0x00000000ed200000,0x00000000ed200000,0x00000000ed780000)
 ParOldGen       total 44032K, used 9119K [0x00000000c1600000, 0x00000000c4100000, 0x00000000eb200000)
  object space 44032K, 20% used [0x00000000c1600000,0x00000000c1ee7de0,0x00000000c4100000)
 Metaspace       used 20310K, capacity 21178K, committed 21248K, reserved 1067008K
  class space    used 2521K, capacity 2749K, committed 2816K, reserved 1048576K
Event: 4.699 GC heap after
Heap after GC invocations=11 (full 1):
 PSYoungGen      total 38400K, used 0K [0x00000000eb200000, 0x00000000edd00000, 0x0000000100000000)
  eden space 32768K, 0% used [0x00000000eb200000,0x00000000eb200000,0x00000000ed200000)
  from space 5632K, 0% used [0x00000000ed780000,0x00000000ed780000,0x00000000edd00000)
  to   space 5632K, 0% used [0x00000000ed200000,0x00000000ed200000,0x00000000ed780000)
 ParOldGen       total 30208K, used 6568K [0x00000000c1600000, 0x00000000c3380000, 0x00000000eb200000)
  object space 30208K, 21% used [0x00000000c1600000,0x00000000c1c6a2f8,0x00000000c3380000)
 Metaspace       used 20310K, capacity 21178K, committed 21248K, reserved 1067008K
  class space    used 2521K, capacity 2749K, committed 2816K, reserved 1048576K
}
Event: 5.230 GC heap before
{Heap before GC invocations=12 (full 1):
 PSYoungGen      total 38400K, used 32768K [0x00000000eb200000, 0x00000000edd00000, 0x0000000100000000)
  eden space 32768K, 100% used [0x00000000eb200000,0x00000000ed200000,0x00000000ed200000)
  from space 5632K, 0% used [0x00000000ed780000,0x00000000ed780000,0x00000000edd00000)
  to   space 5632K, 0% used [0x00000000ed200000,0x00000000ed200000,0x00000000ed780000)
 ParOldGen       total 30208K, used 6568K [0x00000000c1600000, 0x00000000c3380000, 0x00000000eb200000)
  object space 30208K, 21% used [0x00000000c1600000,0x00000000c1c6a2f8,0x00000000c3380000)
 Metaspace       used 22125K, capacity 23120K, committed 23296K, reserved 1069056K
  class space    used 2759K, capacity 2986K, committed 3072K, reserved 1048576K
Event: 5.233 GC heap after
Heap after GC invocations=12 (full 1):
 PSYoungGen      total 38400K, used 3298K [0x00000000eb200000, 0x00000000eeb00000, 0x0000000100000000)
  eden space 32768K, 0% used [0x00000000eb200000,0x00000000eb200000,0x00000000ed200000)
  from space 5632K, 58% used [0x00000000ed200000,0x00000000ed538ba0,0x00000000ed780000)
  to   space 5632K, 0% used [0x00000000ee580000,0x00000000ee580000,0x00000000eeb00000)
 ParOldGen       total 30208K, used 6576K [0x00000000c1600000, 0x00000000c3380000, 0x00000000eb200000)
  object space 30208K, 21% used [0x00000000c1600000,0x00000000c1c6c2f8,0x00000000c3380000)
 Metaspace       used 22125K, capacity 23120K, committed 23296K, reserved 1069056K
  class space    used 2759K, capacity 2986K, committed 3072K, reserved 1048576K
}

